This is pdfTeX, Version 3.141592653-2.6-1.40.23 (MiKTeX 21.10) (preloaded format=pdflatex 2021.11.18)  18 FEB 2022 08:21
entering extended mode
**./titlepage.tex
(titlepage.tex
LaTeX2e <2021-06-01> patch level 1
L3 programming layer <2021-08-27>
! Undefined control sequence.
l.2 \hypersetup
               {pageanchor=false}
The control sequence at the end of the top line
of your error message was never \def'ed. If you have
misspelled it (e.g., `\hobx'), type `I' and the correct
spelling (e.g., `I\hbox'). Otherwise just continue,
and I'll forget about whatever was undefined.


! LaTeX Error: Missing \begin{document}.

See the LaTeX manual or LaTeX Companion for explanation.
Type  H <return>  for immediate help.
 ...                                              
                                                  
l.2 \hypersetup{p
                 ageanchor=false}
You're in trouble here.  Try typing  <return>  to proceed.
If that doesn't work, type  X <return>  to quit.

Missing character: There is no p in font nullfont!
Missing character: There is no a in font nullfont!
Missing character: There is no g in font nullfont!
Missing character: There is no e in font nullfont!
Missing character: There is no a in font nullfont!
Missing character: There is no n in font nullfont!
Missing character: There is no c in font nullfont!
Missing character: There is no h in font nullfont!
Missing character: There is no o in font nullfont!
Missing character: There is no r in font nullfont!
Missing character: There is no = in font nullfont!
Missing character: There is no f in font nullfont!
Missing character: There is no a in font nullfont!
Missing character: There is no l in font nullfont!
Missing character: There is no s in font nullfont!
Missing character: There is no e in font nullfont!

! LaTeX Error: Environment titlepage undefined.

See the LaTeX manual or LaTeX Companion for explanation.
Type  H <return>  for immediate help.
 ...                                              
                                                  
l.3 \begin{titlepage}
                     
Your command was ignored.
Type  I <command> <return>  to replace it with another command,
or  <return>  to continue without it.


Overfull \hbox (20.0pt too wide) in paragraph at lines 2--6
[]
 []


! LaTeX Error: Missing \begin{document}.

See the LaTeX manual or LaTeX Companion for explanation.
Type  H <return>  for immediate help.
 ...                                              
                                                  
l.7 \hspace{\textheight}
                        	
You're in trouble here.  Try typing  <return>  to proceed.
If that doesn't work, type  X <return>  to quit.


Overfull \hbox (20.0pt too wide) in paragraph at lines 7--8
[]
 []


! LaTeX Error: Missing \begin{document}.

See the LaTeX manual or LaTeX Companion for explanation.
Type  H <return>  for immediate help.
 ...                                              
                                                  
l.9 \begin{center}
                  
You're in trouble here.  Try typing  <return>  to proceed.
If that doesn't work, type  X <return>  to quit.


Overfull \hbox (20.0pt too wide) in paragraph at lines 9--9
[] 
 []

! Undefined control sequence.
<recently read> \titel 
                       
l.11 \textbf{\titel}
                    \\[1.5ex]}
The control sequence at the end of the top line
of your error message was never \def'ed. If you have
misspelled it (e.g., `\hobx'), type `I' and the correct
spelling (e.g., `I\hbox'). Otherwise just continue,
and I'll forget about whatever was undefined.

! Undefined control sequence.
<recently read> \untertitel 
                            
l.14 \textbf{\untertitel}
                         \\[5ex]}
The control sequence at the end of the top line
of your error message was never \def'ed. If you have
misspelled it (e.g., `\hobx'), type `I' and the correct
spelling (e.g., `I\hbox'). Otherwise just continue,
and I'll forget about whatever was undefined.

! Undefined control sequence.
l.17 Studiengang \studiengang
                             \\[2ex]}
The control sequence at the end of the top line
of your error message was never \def'ed. If you have
misspelled it (e.g., `\hobx'), type `I' and the correct
spelling (e.g., `I\hbox'). Otherwise just continue,
and I'll forget about whatever was undefined.


Overfull \hbox (75.98238pt too wide) in paragraph at lines 17--17
 []\OT1/cmr/m/n/14.4 Studiengang 
 []

! Undefined control sequence.
l.20 Studienrichtung \studienrichtung
                                     \\[1ex]
The control sequence at the end of the top line
of your error message was never \def'ed. If you have
misspelled it (e.g., `\hobx'), type `I' and the correct
spelling (e.g., `I\hbox'). Otherwise just continue,
and I'll forget about whatever was undefined.


Overfull \hbox (81.59637pt too wide) in paragraph at lines 20--20
 []\OT1/cmr/m/n/12 Studienrichtung 
 []


Overfull \hbox (29.8622pt too wide) in paragraph at lines 21--21
 []\OT1/cmr/m/n/12 Duale 
 []


Overfull \hbox (57.17857pt too wide) in paragraph at lines 21--21
 \OT1/cmr/m/n/12 Hochschule 
 []


Overfull \hbox (36.38991pt too wide) in paragraph at lines 21--21
 \OT1/cmr/m/n/12 Baden- 
 []


Overfull \hbox (69.51595pt too wide) in paragraph at lines 21--21
 \OT1/cmr/m/n/12 Wurttemberg 
 []


Overfull \hbox (40.37181pt too wide) in paragraph at lines 21--21
 \OT1/cmr/m/n/12 Ravens- 
 []


Overfull \hbox (26.76361pt too wide) in paragraph at lines 21--21
 \OT1/cmr/m/n/12 burg, 
 []


Overfull \hbox (28.06915pt too wide) in paragraph at lines 21--21
 \OT1/cmr/m/n/12 Cam- 
 []


Overfull \hbox (17.6901pt too wide) in paragraph at lines 21--21
 \OT1/cmr/m/n/12 pus 
 []


Overfull \hbox (77.90614pt too wide) in paragraph at lines 21--21
 \OT1/cmr/m/n/12 Friedrichshafen 
 []


Overfull \hbox (18.27759pt too wide) in paragraph at lines 22--22
 []\OT1/cmr/m/n/12 von 
 []

! Undefined control sequence.
l.23 \autor
           \\[15ex]}
The control sequence at the end of the top line
of your error message was never \def'ed. If you have
misspelled it (e.g., `\hobx'), type `I' and the correct
spelling (e.g., `I\hbox'). Otherwise just continue,
and I'll forget about whatever was undefined.


! LaTeX Error: There's no line here to end.

See the LaTeX manual or LaTeX Companion for explanation.
Type  H <return>  for immediate help.
 ...                                              
                                                  
l.23 \autor\\
             [15ex]}
Your command was ignored.
Type  I <command> <return>  to replace it with another command,
or  <return>  to continue without it.


Overfull \hbox (20.0pt too wide) in paragraph at lines 27--27
[] 
 []


Overfull \hbox (89.51637pt too wide) in paragraph at lines 29--29
\OT1/cmr/m/n/10.95 Copyrightvermerk:  
 []


Overfull \hbox (29.77794pt too wide) in paragraph at lines 30--32
[]\OT1/cmr/m/n/10.95 Dieses 
 []


Overfull \hbox (25.27628pt too wide) in paragraph at lines 30--32
\OT1/cmr/m/n/10.95 Werk 
 []


Overfull \hbox (17.64168pt too wide) in paragraph at lines 30--32
\OT1/cmr/m/n/10.95 ein- 
 []


Overfull \hbox (48.1192pt too wide) in paragraph at lines 30--32
\OT1/cmr/m/n/10.95 schlielich 
 []


Overfull \hbox (27.46628pt too wide) in paragraph at lines 30--32
\OT1/cmr/m/n/10.95 seiner 
 []


Overfull \hbox (22.8125pt too wide) in paragraph at lines 30--32
\OT1/cmr/m/n/10.95 Teile 
 []


Overfull \hbox (11.61919pt too wide) in paragraph at lines 30--32
\OT1/cmr/m/n/10.95 ist 
 []


Overfull \hbox (29.14659pt too wide) in paragraph at lines 30--32
\OT1/cmr/bx/n/10.95 urhe- 
 []


Overfull \hbox (22.50058pt too wide) in paragraph at lines 30--32
\OT1/cmr/bx/n/10.95 ber- 
 []


Overfull \hbox (46.98586pt too wide) in paragraph at lines 30--32
\OT1/cmr/bx/n/10.95 rechtlich 
 []


Overfull \hbox (54.70557pt too wide) in paragraph at lines 30--32
\OT1/cmr/bx/n/10.95 geschutzt\OT1/cmr/m/n/10.95 . 
 []


Overfull \hbox (21.44377pt too wide) in paragraph at lines 30--32
\OT1/cmr/m/n/10.95 Jede 
 []


Overfull \hbox (20.10541pt too wide) in paragraph at lines 30--32
\OT1/cmr/m/n/10.95 Ver- 
 []


Overfull \hbox (11.55833pt too wide) in paragraph at lines 30--32
\OT1/cmr/m/n/10.95 w- 
 []


Overfull \hbox (12.80542pt too wide) in paragraph at lines 30--32
\OT1/cmr/m/n/10.95 er- 
 []


Overfull \hbox (21.90004pt too wide) in paragraph at lines 30--32
\OT1/cmr/m/n/10.95 tung 
 []


Overfull \hbox (29.83879pt too wide) in paragraph at lines 30--32
\OT1/cmr/m/n/10.95 auer- 
 []


Overfull \hbox (20.68336pt too wide) in paragraph at lines 30--32
\OT1/cmr/m/n/10.95 halb 
 []


Overfull \hbox (15.23877pt too wide) in paragraph at lines 30--32
\OT1/cmr/m/n/10.95 der 
 []


Overfull \hbox (14.6pt too wide) in paragraph at lines 30--32
\OT1/cmr/m/n/10.95 en- 
 []


Overfull \hbox (16.42502pt too wide) in paragraph at lines 30--32
\OT1/cmr/m/n/10.95 gen 
 []


Overfull \hbox (27.48149pt too wide) in paragraph at lines 30--32
\OT1/cmr/m/n/10.95 Gren- 
 []


Overfull \hbox (15.81668pt too wide) in paragraph at lines 30--32
\OT1/cmr/m/n/10.95 zen 
 []


Overfull \hbox (15.26918pt too wide) in paragraph at lines 30--32
\OT1/cmr/m/n/10.95 des 
 []


Overfull \hbox (27.10127pt too wide) in paragraph at lines 30--32
\OT1/cmr/m/n/10.95 Urhe- 
 []


Overfull \hbox (19.19293pt too wide) in paragraph at lines 30--32
\OT1/cmr/m/n/10.95 ber- 
 []


Overfull \hbox (27.40541pt too wide) in paragraph at lines 30--32
\OT1/cmr/m/n/10.95 recht- 
 []


Overfull \hbox (13.99167pt too wide) in paragraph at lines 30--32
\OT1/cmr/m/n/10.95 ge- 
 []


Overfull \hbox (17.09418pt too wide) in paragraph at lines 30--32
\OT1/cmr/m/n/10.95 set- 
 []


Overfull \hbox (14.0525pt too wide) in paragraph at lines 30--32
\OT1/cmr/m/n/10.95 zes 
 []


Overfull \hbox (11.61919pt too wide) in paragraph at lines 30--32
\OT1/cmr/m/n/10.95 ist 
 []


Overfull \hbox (22.50836pt too wide) in paragraph at lines 30--32
\OT1/cmr/m/n/10.95 ohne 
 []


Overfull \hbox (20.74419pt too wide) in paragraph at lines 30--32
\OT1/cmr/m/n/10.95 Zus- 
 []


Overfull \hbox (20.07503pt too wide) in paragraph at lines 30--32
\OT1/cmr/m/n/10.95 tim- 
 []


Overfull \hbox (26.46252pt too wide) in paragraph at lines 30--32
\OT1/cmr/m/n/10.95 mung 
 []


Overfull \hbox (15.26918pt too wide) in paragraph at lines 30--32
\OT1/cmr/m/n/10.95 des 
 []


Overfull \hbox (17.94585pt too wide) in paragraph at lines 30--32
\OT1/cmr/m/n/10.95 Au- 
 []


Overfull \hbox (18.34128pt too wide) in paragraph at lines 30--32
\OT1/cmr/m/n/10.95 tors 
 []


Overfull \hbox (15.81668pt too wide) in paragraph at lines 30--32
\OT1/cmr/m/n/10.95 un- 
 []


Overfull \hbox (36.6217pt too wide) in paragraph at lines 30--32
\OT1/cmr/m/n/10.95 zulassig 
 []


Overfull \hbox (18.25003pt too wide) in paragraph at lines 30--32
\OT1/cmr/m/n/10.95 und 
 []


Overfull \hbox (25.33711pt too wide) in paragraph at lines 30--32
\OT1/cmr/m/n/10.95 straf- 
 []


Overfull \hbox (18.88878pt too wide) in paragraph at lines 30--32
\OT1/cmr/m/n/10.95 bar. 
 []


Overfull \hbox (18.15877pt too wide) in paragraph at lines 30--32
\OT1/cmr/m/n/10.95 Das 
 []


Overfull \hbox (15.8167pt too wide) in paragraph at lines 30--32
\OT1/cmr/m/n/10.95 gilt 
 []


Overfull \hbox (17.09418pt too wide) in paragraph at lines 30--32
\OT1/cmr/m/n/10.95 ins- 
 []


Overfull \hbox (30.7817pt too wide) in paragraph at lines 30--32
\OT1/cmr/m/n/10.95 beson- 
 []


Overfull \hbox (20.10544pt too wide) in paragraph at lines 30--32
\OT1/cmr/m/n/10.95 dere 
 []


Overfull \hbox (13.71794pt too wide) in paragraph at lines 30--32
\OT1/cmr/m/n/10.95 fur 
 []


Overfull \hbox (89.45554pt too wide) in paragraph at lines 30--32
\OT1/cmr/m/n/10.95 Vervielfaltigungen, 
 []


Overfull \hbox (73.69968pt too wide) in paragraph at lines 30--32
[]\OT1/cmr/m/n/10.95 Ubersetzungen, 
 []


Overfull \hbox (46.59839pt too wide) in paragraph at lines 30--32
\OT1/cmr/m/n/10.95 Mikrover- 
 []


Overfull \hbox (12.77501pt too wide) in paragraph at lines 30--32
\OT1/cmr/m/n/10.95 fil- 
 []


Overfull \hbox (37.41254pt too wide) in paragraph at lines 30--32
\OT1/cmr/m/n/10.95 mungen 
 []


Overfull \hbox (25.30667pt too wide) in paragraph at lines 30--32
\OT1/cmr/m/n/10.95 sowie 
 []


Overfull \hbox (13.99168pt too wide) in paragraph at lines 30--32
\OT1/cmr/m/n/10.95 die 
 []


Overfull \hbox (20.2271pt too wide) in paragraph at lines 30--32
\OT1/cmr/m/n/10.95 Ein- 
 []


Overfull \hbox (19.22334pt too wide) in paragraph at lines 30--32
\OT1/cmr/m/n/10.95 spe- 
 []


Overfull \hbox (40.48462pt too wide) in paragraph at lines 30--32
\OT1/cmr/m/n/10.95 icherung 
 []


Overfull \hbox (18.25003pt too wide) in paragraph at lines 30--32
\OT1/cmr/m/n/10.95 und 
 []


Overfull \hbox (15.81665pt too wide) in paragraph at lines 30--32
\OT1/cmr/m/n/10.95 Ve- 
 []


Overfull \hbox (7.93875pt too wide) in paragraph at lines 30--32
\OT1/cmr/m/n/10.95 r- 
 []


Overfull \hbox (13.41376pt too wide) in paragraph at lines 30--32
\OT1/cmr/m/n/10.95 ar- 
 []


Overfull \hbox (36.19589pt too wide) in paragraph at lines 30--32
\OT1/cmr/m/n/10.95 beitung 
 []


Overfull \hbox (9.12502pt too wide) in paragraph at lines 30--32
\OT1/cmr/m/n/10.95 in 
 []


Overfull \hbox (22.2042pt too wide) in paragraph at lines 30--32
\OT1/cmr/m/n/10.95 elek- 
 []


Overfull \hbox (17.6721pt too wide) in paragraph at lines 30--32
\OT1/cmr/m/n/10.95 tro- 
 []


Overfull \hbox (9.73334pt too wide) in paragraph at lines 30--32
\OT1/cmr/m/n/10.95 n- 
 []


Overfull \hbox (11.01083pt too wide) in paragraph at lines 30--32
\OT1/cmr/m/n/10.95 is- 
 []


Overfull \hbox (21.59584pt too wide) in paragraph at lines 30--32
\OT1/cmr/m/n/10.95 chen 
 []


Overfull \hbox (19.8317pt too wide) in paragraph at lines 30--32
\OT1/cmr/m/n/10.95 Sys- 
 []


Overfull \hbox (12.77501pt too wide) in paragraph at lines 30--32
\OT1/cmr/m/n/10.95 te- 
 []


Overfull \hbox (23.1167pt too wide) in paragraph at lines 30--32
\OT1/cmr/m/n/10.95 men.  
 []


Overfull \hbox (20.0pt too wide) in paragraph at lines 34--34
[] 
 []

! Undefined control sequence.
l.35 ...e{11pt}{13pt}\selectfont \copyright{\autor
                                                  } \jahr \doclicenseThis}
The control sequence at the end of the top line
of your error message was never \def'ed. If you have
misspelled it (e.g., `\hobx'), type `I' and the correct
spelling (e.g., `I\hbox'). Otherwise just continue,
and I'll forget about whatever was undefined.

! Undefined control sequence.
l.35 ...{13pt}\selectfont \copyright{\autor} \jahr
                                                   \doclicenseThis}
The control sequence at the end of the top line
of your error message was never \def'ed. If you have
misspelled it (e.g., `\hobx'), type `I' and the correct
spelling (e.g., `I\hbox'). Otherwise just continue,
and I'll forget about whatever was undefined.

! Undefined control sequence.
l.35 ...t \copyright{\autor} \jahr \doclicenseThis
                                                  }
The control sequence at the end of the top line
of your error message was never \def'ed. If you have
misspelled it (e.g., `\hobx'), type `I' and the correct
spelling (e.g., `I\hbox'). Otherwise just continue,
and I'll forget about whatever was undefined.


Overfull \hbox (12.093pt too wide) in paragraph at lines 35--36
 \TS1/cmr/m/n/10.95 ©
 []


! LaTeX Error: \begin{document} ended by \end{titlepage}.

See the LaTeX manual or LaTeX Companion for explanation.
Type  H <return>  for immediate help.
 ...                                              
                                                  
l.38 \end{titlepage}
                    
Your command was ignored.
Type  I <command> <return>  to replace it with another command,
or  <return>  to continue without it.

! Undefined control sequence.
l.40 \hypersetup
                {pageanchor=true}
The control sequence at the end of the top line
of your error message was never \def'ed. If you have
misspelled it (e.g., `\hobx'), type `I' and the correct
spelling (e.g., `I\hbox'). Otherwise just continue,
and I'll forget about whatever was undefined.


! LaTeX Error: Missing \begin{document}.

See the LaTeX manual or LaTeX Companion for explanation.
Type  H <return>  for immediate help.
 ...                                              
                                                  
l.40 \hypersetup{p
                  ageanchor=true}
You're in trouble here.  Try typing  <return>  to proceed.
If that doesn't work, type  X <return>  to quit.

Missing character: There is no p in font nullfont!
Missing character: There is no a in font nullfont!
Missing character: There is no g in font nullfont!
Missing character: There is no e in font nullfont!
Missing character: There is no a in font nullfont!
Missing character: There is no n in font nullfont!
Missing character: There is no c in font nullfont!
Missing character: There is no h in font nullfont!
Missing character: There is no o in font nullfont!
Missing character: There is no r in font nullfont!
Missing character: There is no = in font nullfont!
Missing character: There is no t in font nullfont!
Missing character: There is no r in font nullfont!
Missing character: There is no u in font nullfont!
Missing character: There is no e in font nullfont!
)
! Emergency stop.
<*> ./titlepage.tex
                   
*** (job aborted, no legal \end found)

 
Here is how much of TeX's memory you used:
 45 strings out of 478927
 1057 string characters out of 2852534
 293175 words of memory out of 3000000
 17999 multiletter control sequences out of 15000+600000
 405888 words of font info for 35 fonts, out of 8000000 for 9000
 1141 hyphenation exceptions out of 8191
 17i,1n,13p,418b,193s stack positions out of 5000i,500n,10000p,200000b,80000s
!  ==> Fatal error occurred, no output PDF file produced!
